# JRE version: Java(TM) SE Runtime Environment (8.0_211-b12) (build 1.8.0_211-b12)
# Java VM: Java HotSpot(TM) 64-Bit Server VM (25.211-b12 mixed mode windows-amd64 compressed oops)
Heap:
 PSYoungGen      total 116736K, used 14326K [0x00000000f5580000, 0x0000000100000000, 0x0000000100000000)
  eden space 58880K, 6% used [0x00000000f5580000,0x00000000f5929950,0x00000000f8f00000)
  from space 57856K, 18% used [0x00000000fc780000,0x00000000fd1d4020,0x0000000100000000)
  to   space 57856K, 0% used [0x00000000f8f00000,0x00000000f8f00000,0x00000000fc780000)
 ParOldGen       total 349696K, used 211123K [0x00000000e0000000, 0x00000000f5580000, 0x00000000f5580000)
  object space 349696K, 60% used [0x00000000e0000000,0x00000000ece2ce38,0x00000000f5580000)
 Metaspace       used 101564K, capacity 108020K, committed 108544K, reserved 1142784K
  class space    used 12952K, capacity 14392K, committed 14592K, reserved 1048576K
GC Heap History (10 events):
Event: 375.666 GC heap before
{Heap before GC invocations=104 (full 20):
 PSYoungGen      total 106496K, used 106446K [0x00000000f5580000, 0x0000000100000000, 0x0000000100000000)
  eden space 61952K, 100% used [0x00000000f5580000,0x00000000f9200000,0x00000000f9200000)
  from space 44544K, 99% used [0x00000000f9200000,0x00000000fbd73bd0,0x00000000fbd80000)
  to   space 57856K, 0% used [0x00000000fc780000,0x00000000fc780000,0x0000000100000000)
 ParOldGen       total 349696K, used 284734K [0x00000000e0000000, 0x00000000f5580000, 0x00000000f5580000)
  object space 349696K, 81% used [0x00000000e0000000,0x00000000f160f968,0x00000000f5580000)
 Metaspace       used 100355K, capacity 106800K, committed 107136K, reserved 1142784K
  class space    used 12858K, capacity 14342K, committed 14464K, reserved 1048576K
Event: 375.678 GC heap after
Heap after GC invocations=104 (full 20):
 PSYoungGen      total 116736K, used 36585K [0x00000000f5580000, 0x0000000100000000, 0x0000000100000000)
  eden space 58880K, 0% used [0x00000000f5580000,0x00000000f5580000,0x00000000f8f00000)
  from space 57856K, 63% used [0x00000000fc780000,0x00000000feb3a7e0,0x0000000100000000)
  to   space 57856K, 0% used [0x00000000f8f00000,0x00000000f8f00000,0x00000000fc780000)
 ParOldGen       total 349696K, used 291962K [0x00000000e0000000, 0x00000000f5580000, 0x00000000f5580000)
  object space 349696K, 83% used [0x00000000e0000000,0x00000000f1d1e878,0x00000000f5580000)
 Metaspace       used 100355K, capacity 106800K, committed 107136K, reserved 1142784K
  class space    used 12858K, capacity 14342K, committed 14464K, reserved 1048576K
}
Event: 376.773 GC heap before
{Heap before GC invocations=105 (full 20):
 PSYoungGen      total 116736K, used 95465K [0x00000000f5580000, 0x0000000100000000, 0x0000000100000000)
  eden space 58880K, 100% used [0x00000000f5580000,0x00000000f8f00000,0x00000000f8f00000)
  from space 57856K, 63% used [0x00000000fc780000,0x00000000feb3a7e0,0x0000000100000000)
  to   space 57856K, 0% used [0x00000000f8f00000,0x00000000f8f00000,0x00000000fc780000)
 ParOldGen       total 349696K, used 292107K [0x00000000e0000000, 0x00000000f5580000, 0x00000000f5580000)
  object space 349696K, 83% used [0x00000000e0000000,0x00000000f1d42f88,0x00000000f5580000)
 Metaspace       used 100357K, capacity 106800K, committed 107136K, reserved 1142784K
  class space    used 12858K, capacity 14342K, committed 14464K, reserved 1048576K
Event: 376.792 GC heap after
Heap after GC invocations=105 (full 20):
 PSYoungGen      total 116736K, used 37504K [0x00000000f5580000, 0x0000000100000000, 0x0000000100000000)
  eden space 58880K, 0% used [0x00000000f5580000,0x00000000f5580000,0x00000000f8f00000)
  from space 57856K, 64% used [0x00000000f8f00000,0x00000000fb3a01e0,0x00000000fc780000)
  to   space 57856K, 0% used [0x00000000fc780000,0x00000000fc780000,0x0000000100000000)
 ParOldGen       total 349696K, used 324733K [0x00000000e0000000, 0x00000000f5580000, 0x00000000f5580000)
  object space 349696K, 92% used [0x00000000e0000000,0x00000000f3d1f438,0x00000000f5580000)
 Metaspace       used 100357K, capacity 106800K, committed 107136K, reserved 1142784K
  class space    used 12858K, capacity 14342K, committed 14464K, reserved 1048576K
}
Event: 376.792 GC heap before
{Heap before GC invocations=106 (full 21):
 PSYoungGen      total 116736K, used 37504K [0x00000000f5580000, 0x0000000100000000, 0x0000000100000000)
  eden space 58880K, 0% used [0x00000000f5580000,0x00000000f5580000,0x00000000f8f00000)
  from space 57856K, 64% used [0x00000000f8f00000,0x00000000fb3a01e0,0x00000000fc780000)
  to   space 57856K, 0% used [0x00000000fc780000,0x00000000fc780000,0x0000000100000000)
 ParOldGen       total 349696K, used 324733K [0x00000000e0000000, 0x00000000f5580000, 0x00000000f5580000)
  object space 349696K, 92% used [0x00000000e0000000,0x00000000f3d1f438,0x00000000f5580000)
 Metaspace       used 100357K, capacity 106800K, committed 107136K, reserved 1142784K
  class space    used 12858K, capacity 14342K, committed 14464K, reserved 1048576K
Event: 377.067 GC heap after
Heap after GC invocations=106 (full 21):
 PSYoungGen      total 116736K, used 0K [0x00000000f5580000, 0x0000000100000000, 0x0000000100000000)
  eden space 58880K, 0% used [0x00000000f5580000,0x00000000f5580000,0x00000000f8f00000)
  from space 57856K, 0% used [0x00000000f8f00000,0x00000000f8f00000,0x00000000fc780000)
  to   space 57856K, 0% used [0x00000000fc780000,0x00000000fc780000,0x0000000100000000)
 ParOldGen       total 349696K, used 194111K [0x00000000e0000000, 0x00000000f5580000, 0x00000000f5580000)
  object space 349696K, 55% used [0x00000000e0000000,0x00000000ebd8fcb0,0x00000000f5580000)
 Metaspace       used 100147K, capacity 106448K, committed 107136K, reserved 1142784K
  class space    used 12819K, capacity 14270K, committed 14464K, reserved 1048576K
}
Event: 1248.117 GC heap before
{Heap before GC invocations=107 (full 21):
 PSYoungGen      total 116736K, used 58880K [0x00000000f5580000, 0x0000000100000000, 0x0000000100000000)
  eden space 58880K, 100% used [0x00000000f5580000,0x00000000f8f00000,0x00000000f8f00000)
  from space 57856K, 0% used [0x00000000f8f00000,0x00000000f8f00000,0x00000000fc780000)
  to   space 57856K, 0% used [0x00000000fc780000,0x00000000fc780000,0x0000000100000000)
 ParOldGen       total 349696K, used 194127K [0x00000000e0000000, 0x00000000f5580000, 0x00000000f5580000)
  object space 349696K, 55% used [0x00000000e0000000,0x00000000ebd93d38,0x00000000f5580000)
 Metaspace       used 101141K, capacity 107506K, committed 108288K, reserved 1142784K
  class space    used 12930K, capacity 14353K, committed 14592K, reserved 1048576K
Event: 1248.129 GC heap after
Heap after GC invocations=107 (full 21):
 PSYoungGen      total 116736K, used 5645K [0x00000000f5580000, 0x0000000100000000, 0x0000000100000000)
  eden space 58880K, 0% used [0x00000000f5580000,0x00000000f5580000,0x00000000f8f00000)
  from space 57856K, 9% used [0x00000000fc780000,0x00000000fcd03758,0x0000000100000000)
  to   space 57856K, 0% used [0x00000000f8f00000,0x00000000f8f00000,0x00000000fc780000)
 ParOldGen       total 349696K, used 194135K [0x00000000e0000000, 0x00000000f5580000, 0x00000000f5580000)
  object space 349696K, 55% used [0x00000000e0000000,0x00000000ebd95d38,0x00000000f5580000)
 Metaspace       used 101141K, capacity 107506K, committed 108288K, reserved 1142784K
  class space    used 12930K, capacity 14353K, committed 14592K, reserved 1048576K
}
Event: 1258.657 GC heap before
{Heap before GC invocations=108 (full 21):
 PSYoungGen      total 116736K, used 64525K [0x00000000f5580000, 0x0000000100000000, 0x0000000100000000)
  eden space 58880K, 100% used [0x00000000f5580000,0x00000000f8f00000,0x00000000f8f00000)
  from space 57856K, 9% used [0x00000000fc780000,0x00000000fcd03758,0x0000000100000000)
  to   space 57856K, 0% used [0x00000000f8f00000,0x00000000f8f00000,0x00000000fc780000)
 ParOldGen       total 349696K, used 194135K [0x00000000e0000000, 0x00000000f5580000, 0x00000000f5580000)
  object space 349696K, 55% used [0x00000000e0000000,0x00000000ebd95d38,0x00000000f5580000)
 Metaspace       used 101400K, capacity 107876K, committed 108288K, reserved 1142784K
  class space    used 12946K, capacity 14380K, committed 14592K, reserved 1048576K
Event: 1258.675 GC heap after
Heap after GC invocations=108 (full 21):
 PSYoungGen      total 116736K, used 13051K [0x00000000f5580000, 0x0000000100000000, 0x0000000100000000)
  eden space 58880K, 0% used [0x00000000f5580000,0x00000000f5580000,0x00000000f8f00000)
  from space 57856K, 22% used [0x00000000f8f00000,0x00000000f9bbefc8,0x00000000fc780000)
  to   space 57856K, 0% used [0x00000000fc780000,0x00000000fc780000,0x0000000100000000)
 ParOldGen       total 349696K, used 198275K [0x00000000e0000000, 0x00000000f5580000, 0x00000000f5580000)
  object space 349696K, 56% used [0x00000000e0000000,0x00000000ec1a0d88,0x00000000f5580000)
 Metaspace       used 101400K, capacity 107876K, committed 108288K, reserved 1142784K
  class space    used 12946K, capacity 14380K, committed 14592K, reserved 1048576K
}

